Checkpoint: Starting Endpoint Representation:  0.0246 s
Checkpoint: Endpoint Representation complete:  0.1047 s
Checkpoint: Frequent 1 patterns found:  3.3103 s
Total starting points: 23
Completion 0% 4% 8% 13% 17% 21% 26% 30% 34% 39% 43% 47% 52% 56% 60% 65% 69% 73% 78% 82% 86% 91% 95% 100% 
-----------------------------------------------------
Dataset: asl_rel_DB
# Sequence: 730
# Interval: 22727
# Event: 234
avg. Sequence Length: 31
avg. Duration: 13
Support: 0.4(292)
Max Len: 5
Frequent Temporal Patterns: 46
 < (110_1+) < (110_1-)
 < (113_1+) < (113_1-)
 < (117_1+) < (110_1+) = (117_1-) < (110_1-)
 < (117_1+) < (117_1-)
 < (117_1+) < (117_1-) < (118_1+) < (118_1-)
 < (117_1+) < (117_1-) < (144_1+) < (144_1-)
 < (117_1+) < (117_1-) < (245_1+) < (245_1-)
 < (117_1+) < (117_1-) < (253_1+) < (253_1-)
 < (117_1+) < (117_1-) < (36_1+) < (36_1-)
 < (117_1+) < (117_1-) < (9_1+) < (9_1-)
 < (118_1+) < (118_1-)
 < (132_1+) < (132_1-)
 < (133_1+) < (133_1-)
 < (139_1+) < (139_1-)
 < (143_1+) < (143_1-)
 < (143_1+) < (143_1-) < (118_1+) < (118_1-)
 < (143_1+) < (143_1-) < (143_2+) < (143_2-)
 < (143_1+) < (143_1-) < (144_1+) < (144_1-)
 < (143_1+) < (143_1-) < (245_1+) < (245_1-)
 < (143_1+) < (143_1-) < (253_1+) < (253_1-)
 < (143_1+) < (143_1-) < (36_1+) < (36_1-)
 < (143_1+) < (143_1-) < (9_1+) < (9_1-)
 < (143_2+) < (143_2-)
 < (144_1+) < (144_1-)
 < (17_1+) < (17_1-)
 < (17_1+) < (17_1-) < (18_1+) < (18_1-)
 < (17_1+) < (17_1-) < (253_1+) < (253_1-)
 < (18_1+) < (18_1-)
 < (245_1+) < (245_1-)
 < (246_1+) < (246_1-)
 < (246_1+) < (246_1-) < (253_1+) < (253_1-)
 < (253_1+) < (253_1-)
 < (26_1+) < (26_1-)
 < (26_1+) < (26_1-) < (253_1+) < (253_1-)
 < (26_1+) < (26_1-) < (27_1+) < (27_1-)
 < (27_1+) < (27_1-)
 < (35_1+) < (35_1-)
 < (35_1+) < (35_1-) < (36_1+) < (36_1-)
 < (36_1+) < (36_1-)
 < (78_1+) < (78_1-)
 < (78_1+) < (78_1-) < (79_1+) < (79_1-)
 < (79_1+) < (79_1-)
 < (8_1+) < (8_1-)
 < (8_1+) < (8_1-) < (253_1+) < (253_1-)
 < (8_1+) < (8_1-) < (9_1+) < (9_1-)
 < (9_1+) < (9_1-)
-----------------------------------------------------
Frequent 1 len patterns: 23
Frequent 2 len patterns: 23
Frequent 3 len patterns: 0
Frequent 4 len patterns: 0
Frequent 5 len patterns: 0
-----------------------------------------------------
-----------------------------------------------------
Execution Complete
Total time taken:  36.8151 s
Total memory usage: 47.8867 MB
Resident memory usage: 17.7617 MB
Stack size usage: 0.1328 MB
-----------------------------------------------------
