Checkpoint: Starting Endpoint Representation:  0.2239 s
Checkpoint: Endpoint Representation complete:  1.0964 s
Checkpoint: Frequent 1 patterns found:  25.535 s
Total starting points: 12
Completion 0% 8% 16% 25% 33% 41% 50% 58% 66% 75% 83% 91% 100% 
-----------------------------------------------------
Dataset: S10000C20E1000.DB
# Sequence: 10000
# Interval: 200326
# Event: 173
avg. Sequence Length: 20
avg. Duration: 7
Support: 0.5(5000)
Max Len: 5
Frequent Temporal Patterns: 150
 < (147_1+) < (147_1-)
 < (298_1+) < (298_1-)
 < (298_1+) < (298_1-) < (602_1+) < (602_1-)
 < (298_1+) < (298_1-) < (602_1+) < (602_1-) < (649_1+) < (649_1-)
 < (298_1+) < (298_1-) < (602_1+) < (602_1-) < (649_1+) = (814_1+) < (649_1-) = (814_1-)
 < (298_1+) < (298_1-) < (602_1+) < (602_1-) < (814_1+) < (814_1-)
 < (298_1+) < (298_1-) < (602_1+) < (808_1+) < (808_1-) < (602_1-)
 < (298_1+) < (298_1-) < (602_1+) < (808_1+) < (808_1-) < (602_1-) < (649_1+) < (649_1-)
 < (298_1+) < (298_1-) < (602_1+) < (808_1+) < (808_1-) < (602_1-) < (649_1+) = (814_1+) < (649_1-) = (814_1-)
 < (298_1+) < (298_1-) < (602_1+) < (808_1+) < (808_1-) < (602_1-) < (814_1+) < (814_1-)
 < (298_1+) < (298_1-) < (649_1+) < (649_1-)
 < (298_1+) < (298_1-) < (649_1+) = (814_1+) < (649_1-) = (814_1-)
 < (298_1+) < (298_1-) < (808_1+) < (808_1-)
 < (298_1+) < (298_1-) < (808_1+) < (808_1-) < (649_1+) < (649_1-)
 < (298_1+) < (298_1-) < (808_1+) < (808_1-) < (649_1+) = (814_1+) < (649_1-) = (814_1-)
 < (298_1+) < (298_1-) < (808_1+) < (808_1-) < (814_1+) < (814_1-)
 < (298_1+) < (298_1-) < (814_1+) < (814_1-)
 < (299_1+) < (298_1+) < (298_1-) < (299_1-)
 < (299_1+) < (298_1+) < (298_1-) < (299_1-) < (602_1+) < (602_1-)
 < (299_1+) < (298_1+) < (298_1-) < (299_1-) < (602_1+) < (602_1-) < (649_1+) < (649_1-)
 < (299_1+) < (298_1+) < (298_1-) < (299_1-) < (602_1+) < (602_1-) < (649_1+) = (814_1+) < (649_1-) = (814_1-)
 < (299_1+) < (298_1+) < (298_1-) < (299_1-) < (602_1+) < (602_1-) < (814_1+) < (814_1-)
 < (299_1+) < (298_1+) < (298_1-) < (299_1-) < (602_1+) < (808_1+) < (808_1-) < (602_1-)
 < (299_1+) < (298_1+) < (298_1-) < (299_1-) < (602_1+) < (808_1+) < (808_1-) < (602_1-) < (649_1+) < (649_1-)
 < (299_1+) < (298_1+) < (298_1-) < (299_1-) < (602_1+) < (808_1+) < (808_1-) < (602_1-) < (814_1+) < (814_1-)
 < (299_1+) < (298_1+) < (298_1-) < (299_1-) < (649_1+) < (649_1-)
 < (299_1+) < (298_1+) < (298_1-) < (299_1-) < (649_1+) = (814_1+) < (649_1-) = (814_1-)
 < (299_1+) < (298_1+) < (298_1-) < (299_1-) < (808_1+) < (808_1-)
 < (299_1+) < (298_1+) < (298_1-) < (299_1-) < (808_1+) < (808_1-) < (649_1+) < (649_1-)
 < (299_1+) < (298_1+) < (298_1-) < (299_1-) < (808_1+) < (808_1-) < (649_1+) = (814_1+) < (649_1-) = (814_1-)
 < (299_1+) < (298_1+) < (298_1-) < (299_1-) < (808_1+) < (808_1-) < (814_1+) < (814_1-)
 < (299_1+) < (298_1+) < (298_1-) < (299_1-) < (814_1+) < (814_1-)
 < (299_1+) < (299_1-)
 < (299_1+) < (299_1-) < (602_1+) < (602_1-)
 < (299_1+) < (299_1-) < (602_1+) < (602_1-) < (649_1+) < (649_1-)
 < (299_1+) < (299_1-) < (602_1+) < (602_1-) < (649_1+) = (814_1+) < (649_1-) = (814_1-)
 < (299_1+) < (299_1-) < (602_1+) < (602_1-) < (814_1+) < (814_1-)
 < (299_1+) < (299_1-) < (602_1+) < (808_1+) < (808_1-) < (602_1-)
 < (299_1+) < (299_1-) < (602_1+) < (808_1+) < (808_1-) < (602_1-) < (649_1+) < (649_1-)
 < (299_1+) < (299_1-) < (602_1+) < (808_1+) < (808_1-) < (602_1-) < (649_1+) = (814_1+) < (649_1-) = (814_1-)
 < (299_1+) < (299_1-) < (602_1+) < (808_1+) < (808_1-) < (602_1-) < (814_1+) < (814_1-)
 < (299_1+) < (299_1-) < (649_1+) < (649_1-)
 < (299_1+) < (299_1-) < (649_1+) = (814_1+) < (649_1-) = (814_1-)
 < (299_1+) < (299_1-) < (808_1+) < (808_1-)
 < (299_1+) < (299_1-) < (808_1+) < (808_1-) < (649_1+) < (649_1-)
 < (299_1+) < (299_1-) < (808_1+) < (808_1-) < (649_1+) = (814_1+) < (649_1-) = (814_1-)
 < (299_1+) < (299_1-) < (808_1+) < (808_1-) < (814_1+) < (814_1-)
 < (299_1+) < (299_1-) < (814_1+) < (814_1-)
 < (509_1+) < (147_1+) = (509_1-) < (147_1-)
 < (509_1+) < (509_1-)
 < (509_1+) = (595_1+) < (147_1+) = (509_1-) = (595_1-) < (147_1-)
 < (509_1+) = (595_1+) < (509_1-) = (595_1-)
 < (573_1+) < (147_1+) < (573_1-) < (147_1-)
 < (573_1+) < (509_1+) < (147_1+) = (509_1-) < (573_1-) < (147_1-)
 < (573_1+) < (509_1+) < (509_1-) < (573_1-)
 < (573_1+) < (509_1+) = (595_1+) < (147_1+) = (509_1-) = (595_1-) < (573_1-) < (147_1-)
 < (573_1+) < (509_1+) = (595_1+) < (509_1-) = (595_1-) < (573_1-)
 < (573_1+) < (573_1-)
 < (573_1+) < (595_1+) < (147_1+) = (595_1-) < (573_1-) < (147_1-)
 < (573_1+) < (595_1+) < (595_1-) < (573_1-)
 < (595_1+) < (147_1+) = (595_1-) < (147_1-)
 < (595_1+) < (595_1-)
 < (602_1+) < (602_1-)
 < (602_1+) < (602_1-) < (649_1+) < (649_1-)
 < (602_1+) < (602_1-) < (649_1+) = (814_1+) < (649_1-) = (814_1-)
 < (602_1+) < (602_1-) < (814_1+) < (814_1-)
 < (602_1+) < (808_1+) < (808_1-) < (602_1-)
 < (602_1+) < (808_1+) < (808_1-) < (602_1-) < (649_1+) < (649_1-)
 < (602_1+) < (808_1+) < (808_1-) < (602_1-) < (649_1+) = (814_1+) < (649_1-) = (814_1-)
 < (602_1+) < (808_1+) < (808_1-) < (602_1-) < (814_1+) < (814_1-)
 < (649_1+) < (649_1-)
 < (649_1+) = (814_1+) < (649_1-) = (814_1-)
 < (760_1+) < (760_1-)
 < (760_1+) < (760_1-) < (147_1+) < (147_1-)
 < (760_1+) < (760_1-) < (509_1+) < (147_1+) = (509_1-) < (147_1-)
 < (760_1+) < (760_1-) < (509_1+) < (509_1-)
 < (760_1+) < (760_1-) < (509_1+) = (595_1+) < (147_1+) = (509_1-) = (595_1-) < (147_1-)
 < (760_1+) < (760_1-) < (509_1+) = (595_1+) < (509_1-) = (595_1-)
 < (760_1+) < (760_1-) < (573_1+) < (147_1+) < (573_1-) < (147_1-)
 < (760_1+) < (760_1-) < (573_1+) < (509_1+) < (147_1+) = (509_1-) < (573_1-) < (147_1-)
 < (760_1+) < (760_1-) < (573_1+) < (509_1+) < (509_1-) < (573_1-)
 < (760_1+) < (760_1-) < (573_1+) < (509_1+) = (595_1+) < (147_1+) = (509_1-) = (595_1-) < (573_1-) < (147_1-)
 < (760_1+) < (760_1-) < (573_1+) < (509_1+) = (595_1+) < (509_1-) = (595_1-) < (573_1-)
 < (760_1+) < (760_1-) < (573_1+) < (573_1-)
 < (760_1+) < (760_1-) < (573_1+) < (595_1+) < (147_1+) = (595_1-) < (573_1-) < (147_1-)
 < (760_1+) < (760_1-) < (573_1+) < (595_1+) < (595_1-) < (573_1-)
 < (760_1+) < (760_1-) < (595_1+) < (147_1+) = (595_1-) < (147_1-)
 < (760_1+) < (760_1-) < (595_1+) < (595_1-)
 < (808_1+) < (808_1-)
 < (808_1+) < (808_1-) < (649_1+) < (649_1-)
 < (808_1+) < (808_1-) < (649_1+) = (814_1+) < (649_1-) = (814_1-)
 < (808_1+) < (808_1-) < (814_1+) < (814_1-)
 < (814_1+) < (814_1-)
 < (927_1+) < (298_1+) < (298_1-) < (927_1-)
 < (927_1+) < (298_1+) < (298_1-) < (927_1-) < (602_1+) < (602_1-)
 < (927_1+) < (298_1+) < (298_1-) < (927_1-) < (602_1+) < (602_1-) < (649_1+) < (649_1-)
 < (927_1+) < (298_1+) < (298_1-) < (927_1-) < (602_1+) < (602_1-) < (649_1+) = (814_1+) < (649_1-) = (814_1-)
 < (927_1+) < (298_1+) < (298_1-) < (927_1-) < (602_1+) < (602_1-) < (814_1+) < (814_1-)
 < (927_1+) < (298_1+) < (298_1-) < (927_1-) < (602_1+) < (808_1+) < (808_1-) < (602_1-)
 < (927_1+) < (298_1+) < (298_1-) < (927_1-) < (602_1+) < (808_1+) < (808_1-) < (602_1-) < (649_1+) < (649_1-)
 < (927_1+) < (298_1+) < (298_1-) < (927_1-) < (602_1+) < (808_1+) < (808_1-) < (602_1-) < (814_1+) < (814_1-)
 < (927_1+) < (298_1+) < (298_1-) < (927_1-) < (649_1+) < (649_1-)
 < (927_1+) < (298_1+) < (298_1-) < (927_1-) < (649_1+) = (814_1+) < (649_1-) = (814_1-)
 < (927_1+) < (298_1+) < (298_1-) < (927_1-) < (808_1+) < (808_1-)
 < (927_1+) < (298_1+) < (298_1-) < (927_1-) < (808_1+) < (808_1-) < (649_1+) < (649_1-)
 < (927_1+) < (298_1+) < (298_1-) < (927_1-) < (808_1+) < (808_1-) < (649_1+) = (814_1+) < (649_1-) = (814_1-)
 < (927_1+) < (298_1+) < (298_1-) < (927_1-) < (808_1+) < (808_1-) < (814_1+) < (814_1-)
 < (927_1+) < (298_1+) < (298_1-) < (927_1-) < (814_1+) < (814_1-)
 < (927_1+) < (299_1+) < (298_1+) < (298_1-) < (299_1-) < (927_1-)
 < (927_1+) < (299_1+) < (298_1+) < (298_1-) < (299_1-) < (927_1-) < (602_1+) < (602_1-)
 < (927_1+) < (299_1+) < (298_1+) < (298_1-) < (299_1-) < (927_1-) < (602_1+) < (602_1-) < (649_1+) < (649_1-)
 < (927_1+) < (299_1+) < (298_1+) < (298_1-) < (299_1-) < (927_1-) < (602_1+) < (602_1-) < (814_1+) < (814_1-)
 < (927_1+) < (299_1+) < (298_1+) < (298_1-) < (299_1-) < (927_1-) < (602_1+) < (808_1+) < (808_1-) < (602_1-)
 < (927_1+) < (299_1+) < (298_1+) < (298_1-) < (299_1-) < (927_1-) < (649_1+) < (649_1-)
 < (927_1+) < (299_1+) < (298_1+) < (298_1-) < (299_1-) < (927_1-) < (649_1+) = (814_1+) < (649_1-) = (814_1-)
 < (927_1+) < (299_1+) < (298_1+) < (298_1-) < (299_1-) < (927_1-) < (808_1+) < (808_1-)
 < (927_1+) < (299_1+) < (298_1+) < (298_1-) < (299_1-) < (927_1-) < (808_1+) < (808_1-) < (649_1+) < (649_1-)
 < (927_1+) < (299_1+) < (298_1+) < (298_1-) < (299_1-) < (927_1-) < (808_1+) < (808_1-) < (814_1+) < (814_1-)
 < (927_1+) < (299_1+) < (298_1+) < (298_1-) < (299_1-) < (927_1-) < (814_1+) < (814_1-)
 < (927_1+) < (299_1+) < (299_1-) < (927_1-)
 < (927_1+) < (299_1+) < (299_1-) < (927_1-) < (602_1+) < (602_1-)
 < (927_1+) < (299_1+) < (299_1-) < (927_1-) < (602_1+) < (602_1-) < (649_1+) < (649_1-)
 < (927_1+) < (299_1+) < (299_1-) < (927_1-) < (602_1+) < (602_1-) < (649_1+) = (814_1+) < (649_1-) = (814_1-)
 < (927_1+) < (299_1+) < (299_1-) < (927_1-) < (602_1+) < (602_1-) < (814_1+) < (814_1-)
 < (927_1+) < (299_1+) < (299_1-) < (927_1-) < (602_1+) < (808_1+) < (808_1-) < (602_1-)
 < (927_1+) < (299_1+) < (299_1-) < (927_1-) < (602_1+) < (808_1+) < (808_1-) < (602_1-) < (649_1+) < (649_1-)
 < (927_1+) < (299_1+) < (299_1-) < (927_1-) < (602_1+) < (808_1+) < (808_1-) < (602_1-) < (814_1+) < (814_1-)
 < (927_1+) < (299_1+) < (299_1-) < (927_1-) < (649_1+) < (649_1-)
 < (927_1+) < (299_1+) < (299_1-) < (927_1-) < (649_1+) = (814_1+) < (649_1-) = (814_1-)
 < (927_1+) < (299_1+) < (299_1-) < (927_1-) < (808_1+) < (808_1-)
 < (927_1+) < (299_1+) < (299_1-) < (927_1-) < (808_1+) < (808_1-) < (649_1+) < (649_1-)
 < (927_1+) < (299_1+) < (299_1-) < (927_1-) < (808_1+) < (808_1-) < (649_1+) = (814_1+) < (649_1-) = (814_1-)
 < (927_1+) < (299_1+) < (299_1-) < (927_1-) < (808_1+) < (808_1-) < (814_1+) < (814_1-)
 < (927_1+) < (299_1+) < (299_1-) < (927_1-) < (814_1+) < (814_1-)
 < (927_1+) < (927_1-)
 < (927_1+) < (927_1-) < (602_1+) < (602_1-)
 < (927_1+) < (927_1-) < (602_1+) < (602_1-) < (649_1+) < (649_1-)
 < (927_1+) < (927_1-) < (602_1+) < (602_1-) < (649_1+) = (814_1+) < (649_1-) = (814_1-)
 < (927_1+) < (927_1-) < (602_1+) < (602_1-) < (814_1+) < (814_1-)
 < (927_1+) < (927_1-) < (602_1+) < (808_1+) < (808_1-) < (602_1-)
 < (927_1+) < (927_1-) < (602_1+) < (808_1+) < (808_1-) < (602_1-) < (649_1+) < (649_1-)
 < (927_1+) < (927_1-) < (602_1+) < (808_1+) < (808_1-) < (602_1-) < (649_1+) = (814_1+) < (649_1-) = (814_1-)
 < (927_1+) < (927_1-) < (602_1+) < (808_1+) < (808_1-) < (602_1-) < (814_1+) < (814_1-)
 < (927_1+) < (927_1-) < (649_1+) < (649_1-)
 < (927_1+) < (927_1-) < (649_1+) = (814_1+) < (649_1-) = (814_1-)
 < (927_1+) < (927_1-) < (808_1+) < (808_1-)
 < (927_1+) < (927_1-) < (808_1+) < (808_1-) < (649_1+) < (649_1-)
 < (927_1+) < (927_1-) < (808_1+) < (808_1-) < (649_1+) = (814_1+) < (649_1-) = (814_1-)
 < (927_1+) < (927_1-) < (808_1+) < (808_1-) < (814_1+) < (814_1-)
 < (927_1+) < (927_1-) < (814_1+) < (814_1-)
-----------------------------------------------------
Frequent 1 len patterns: 12
Frequent 2 len patterns: 31
Frequent 3 len patterns: 45
Frequent 4 len patterns: 40
Frequent 5 len patterns: 22
-----------------------------------------------------
-----------------------------------------------------
Execution Complete
Total time taken:  421.6609 s
Total memory usage: 144.5547 MB
Resident memory usage: 114.2891 MB
Stack size usage: 0.1328 MB
-----------------------------------------------------
