Checkpoint: Starting Endpoint Representation:  17.5526 s
Checkpoint: Endpoint Representation complete:  95.0716 s
Checkpoint: Removed Infrequent Endpoints:  213.138 s
Checkpoint: Frequent 1 patterns found:  221.8959 s
Total starting points: 3
Completion 0% 33% 66% 100% 
-----------------------------------------------------
Dataset: S400000C40E1000.DB
# Sequence: 400000
# Interval: 16002474
# Event: 1000
avg. Sequence Length: 40
avg. Duration: 7
Support: 0.6(240000)
Max Len: 3
Frequent Temporal Patterns: 3
 < (137_1+) < (137_1-)
 < (307_1+) < (307_1-)
 < (519_1+) < (519_1-)
-----------------------------------------------------
Frequent 1 len patterns: 3
Frequent 2 len patterns: 0
Frequent 3 len patterns: 0
-----------------------------------------------------
-----------------------------------------------------
Execution Complete
Total time taken:  18269.0651 s
Total memory usage: 8781.5273 MB
Resident memory usage: 8750.4688 MB
Stack size usage: 0.1328 MB
-----------------------------------------------------
