Checkpoint: Starting Endpoint Representation:  4.3638 s
Checkpoint: Endpoint Representation complete:  24.9749 s
Checkpoint: Removed Infrequent Endpoints:  74.5714 s
Checkpoint: Frequent 1 patterns found:  78.0181 s
Total starting points: 49
Completion 0% 2% 4% 6% 8% 10% 12% 14% 16% 18% 20% 22% 24% 26% 28% 30% 32% 34% 36% 38% 40% 42% 44% 46% 48% 51% 53% 55% 57% 59% 61% 63% 65% 67% 69% 71% 73% 75% 77% 79% 81% 83% 85% 87% 89% 91% 93% 95% 97% 100% 
-----------------------------------------------------
Dataset: S100000C40E1000.DB
# Sequence: 100000
# Interval: 3997520
# Event: 785
avg. Sequence Length: 39
avg. Duration: 7
Support: 0.45(45000)
Max Len: 1
Frequent Temporal Patterns: 48
 < (129_1+) < (129_1-)
 < (142_1+) < (142_1-)
 < (154_1+) < (154_1-)
 < (158_1+) < (158_1-)
 < (21_1+) < (21_1-)
 < (224_1+) < (224_1-)
 < (232_1+) < (232_1-)
 < (264_1+) < (264_1-)
 < (295_1+) < (295_1-)
 < (333_1+) < (333_1-)
 < (334_1+) < (334_1-)
 < (367_1+) < (367_1-)
 < (381_1+) < (381_1-)
 < (391_1+) < (391_1-)
 < (40_1+) < (40_1-)
 < (432_1+) < (432_1-)
 < (435_1+) < (435_1-)
 < (464_1+) < (464_1-)
 < (479_1+) < (479_1-)
 < (495_1+) < (495_1-)
 < (541_1+) < (541_1-)
 < (544_1+) < (544_1-)
 < (545_1+) < (545_1-)
 < (551_1+) < (551_1-)
 < (56_1+) < (56_1-)
 < (586_1+) < (586_1-)
 < (597_1+) < (597_1-)
 < (616_1+) < (616_1-)
 < (653_1+) < (653_1-)
 < (669_1+) < (669_1-)
 < (678_1+) < (678_1-)
 < (688_1+) < (688_1-)
 < (689_1+) < (689_1-)
 < (693_1+) < (693_1-)
 < (710_1+) < (710_1-)
 < (712_1+) < (712_1-)
 < (718_1+) < (718_1-)
 < (745_1+) = (745_1-)
 < (769_1+) < (769_1-)
 < (832_1+) < (832_1-)
 < (834_1+) < (834_1-)
 < (857_1+) < (857_1-)
 < (868_1+) < (868_1-)
 < (881_1+) < (881_1-)
 < (891_1+) < (891_1-)
 < (925_1+) < (925_1-)
 < (943_1+) < (943_1-)
 < (953_1+) < (953_1-)
-----------------------------------------------------
Frequent 1 len patterns: 48
-----------------------------------------------------
-----------------------------------------------------
Execution Complete
Total time taken:  266.1778 s
Total memory usage: 2211.4375 MB
Resident memory usage: 2181.125 MB
Stack size usage: 0.1328 MB
-----------------------------------------------------
